0 info it worked if it ends with ok
1 verbose cli [ '/opt/local/bin/node',
1 verbose cli   '/opt/local/bin/npm',
1 verbose cli   'run',
1 verbose cli   'install-libraries' ]
2 info using npm@2.15.11
3 info using node@v4.8.2
4 verbose stack Error: ENOENT: no such file or directory, open '/Volumes/SSD2/acquia/sf-lightning/docroot/profiles/contrib/lightning/package.json'
4 verbose stack     at Error (native)
5 verbose cwd /Volumes/SSD2/acquia/sf-lightning/docroot/profiles/contrib/lightning
6 error Darwin 15.6.0
7 error argv "/opt/local/bin/node" "/opt/local/bin/npm" "run" "install-libraries"
8 error node v4.8.2
9 error npm  v2.15.11
10 error path /Volumes/SSD2/acquia/sf-lightning/docroot/profiles/contrib/lightning/package.json
11 error code ENOENT
12 error errno -2
13 error syscall open
14 error enoent ENOENT: no such file or directory, open '/Volumes/SSD2/acquia/sf-lightning/docroot/profiles/contrib/lightning/package.json'
14 error enoent This is most likely not a problem with npm itself
14 error enoent and is related to npm not being able to find a file.
15 verbose exit [ -2, true ]
